#
# A fatal error has been detected by the Java Runtime Environment:
#
#  EXCEPTION_ACCESS_VIOLATION (0xc0000005) at pc=0x00000000508fa6b8, pid=640, tid=0x00000000000000bc
#
# JRE version: Java(TM) SE Runtime Environment (8.0_151-b12) (build 1.8.0_151-b12)
# Java VM: Java HotSpot(TM) 64-Bit Server VM (25.151-b12 mixed mode windows-amd64 compressed oops)
# Problematic frame:
# V  [jvm.dll+0x13a6b8]
#
# Failed to write core dump. Minidumps are not enabled by default on client versions of Windows
#
# If you would like to submit a bug report, please visit:
#   http://bugreport.java.com/bugreport/crash.jsp
#

---------------  T H R E A D  ---------------

Current thread (0x000000000300a000):  GCTaskThread [stack: 0x0000000012bc0000,0x0000000012cc0000] [id=188]

siginfo: ExceptionCode=0xc0000005, reading address 0xffffffffffffffff

Registers:
RAX=0x0000000012dc0000, RBX=0x00000000030db210, RCX=0x0000000000000000, RDX=0x000000000000000e
RSP=0x0000000012cbf460, RBP=0x00000000030db210, RSI=0x00000000e45e1fe8, RDI=0x0000000000680070
R8 =0x007fffffffb03400, R9 =0x00000000030db210, R10=0x0000000000000018, R11=0x00000000e429f660
R12=0x00000000e45e1ff0, R13=0x0000000000000008, R14=0x00000000e45e1fc0, R15=0x0000000000000008
RIP=0x00000000508fa6b8, EFLAGS=0x0000000000010202

Top of Stack: (sp=0x0000000012cbf460)
0x0000000012cbf460:   0000000017233100 0000000000000116
0x0000000012cbf470:   00000000a0678650 000000a300000034
0x0000000012cbf480:   00000000030db210 00000000508fa7d3
0x0000000012cbf490:   000000000300a6b0 000000000300a6a0
0x0000000012cbf4a0:   0000000002ffd2d0 0000000000000000
0x0000000012cbf4b0:   00000000030db210 0000000050bb5577
0x0000000012cbf4c0:   0000000019083ab0 0000000000000002
0x0000000012cbf4d0:   0000000050e14438 0000000050e14438
0x0000000012cbf4e0:   00000000e43e0040 0000000000001a00
0x0000000012cbf4f0:   0000000019083ab0 0000000050bb2a0e
0x0000000012cbf500:   000000007b96e691 000000000300a000
0x0000000012cbf510:   0000000000000000 00000000e45e1fc0
0x0000000012cbf520:   000000000300a000 0000000002ffdb50
0x0000000012cbf530:   000000000300aa90 000000000300aaa0
0x0000000012cbf540:   000000000300ab78 00000000000000d8
0x0000000012cbf550:   0000000012cbf558 000000000300a000 

Instructions: (pc=0x00000000508fa6b8)
0x00000000508fa698:   05 b3 31 6e 00 49 c1 e8 03 49 d3 e8 41 0f b6 c0
0x00000000508fa6a8:   49 c1 e8 06 24 3f 0f b6 d0 48 8b 05 c8 31 6e 00
0x00000000508fa6b8:   4a 8b 0c c0 48 0f a3 d1 72 3e 48 8b cf e8 56 08
0x00000000508fa6c8:   fd ff 84 c0 74 32 48 8b d7 48 8b cd e8 27 d7 fc 


Register to memory mapping:

RAX=0x0000000012dc0000 is an unknown value
RBX=0x00000000030db210 is an unknown value
RCX=0x0000000000000000 is an unknown value
RDX=0x000000000000000e is an unknown value
RSP=0x0000000012cbf460 is an unknown value
RBP=0x00000000030db210 is an unknown value
RSI=0x00000000e45e1fe8 is an oop

[error occurred during error reporting (printing register info), id 0xc0000005]

Stack: [0x0000000012bc0000,0x0000000012cc0000],  sp=0x0000000012cbf460,  free space=1021k
Native frames: (J=compiled Java code, j=interpreted, Vv=VM code, C=native code)
V  [jvm.dll+0x13a6b8]
V  [jvm.dll+0x3f5577]
V  [jvm.dll+0x3f2a0e]
V  [jvm.dll+0x29c3ea]
C  [msvcr100.dll+0x21d9f]
C  [msvcr100.dll+0x21e3b]
C  [KERNEL32.DLL+0x17bd4]
C  [ntdll.dll+0x6ced1]


---------------  P R O C E S S  ---------------

Java Threads: ( => current thread )
  0x00000000192b4000 JavaThread "Cache worker for journal cache (C:\Users\Ordinateur\.gradle\caches\journal-1)" [_thread_blocked, id=6480, stack(0x000000001d810000,0x000000001d910000)]
  0x00000000192b1800 JavaThread "Cache worker for file hash cache (C:\Users\Ordinateur\IntelliJIDEAProjects\Breakingbad\.gradle\4.10.1\fileHashes)" [_thread_blocked, id=6492, stack(0x000000001c740000,0x000000001c840000)]
  0x00000000192b2800 JavaThread "File lock request listener" [_thread_in_native, id=5536, stack(0x000000001c640000,0x000000001c740000)]
  0x00000000192b3000 JavaThread "Cache worker for file hash cache (C:\Users\Ordinateur\.gradle\caches\4.10.1\fileHashes)" [_thread_blocked, id=7932, stack(0x000000001c540000,0x000000001c640000)]
  0x00000000199c5000 JavaThread "Stdin handler" [_thread_blocked, id=3004, stack(0x000000001c240000,0x000000001c340000)]
  0x00000000199c4000 JavaThread "Asynchronous log dispatcher for DefaultDaemonConnection: socket connection from /127.0.0.1:49836 to /127.0.0.1:49837" [_thread_blocked, id=7480, stack(0x000000001c140000,0x000000001c240000)]
  0x00000000196de000 JavaThread "Daemon worker" [_thread_blocked, id=8276, stack(0x000000001c040000,0x000000001c140000)]
  0x0000000019770800 JavaThread "Cancel handler" [_thread_blocked, id=6164, stack(0x000000001bf40000,0x000000001c040000)]
  0x00000000187d8000 JavaThread "Handler for socket connection from /127.0.0.1:49836 to /127.0.0.1:49837" [_thread_in_native, id=5816, stack(0x000000001bc40000,0x000000001bd40000)]
  0x0000000018b00800 JavaThread "Daemon" [_thread_blocked, id=9792, stack(0x000000001bb40000,0x000000001bc40000)]
  0x00000000196e4000 JavaThread "Daemon periodic checks" [_thread_blocked, id=9804, stack(0x000000001ba40000,0x000000001bb40000)]
  0x0000000018b03800 JavaThread "Incoming local TCP Connector on port 49836" [_thread_in_native, id=2512, stack(0x000000001b7d0000,0x000000001b8d0000)]
  0x0000000019de4800 JavaThread "Daemon health stats" [_thread_blocked, id=7904, stack(0x000000001b190000,0x000000001b290000)]
  0x0000000018416000 JavaThread "Service Thread" daemon [_thread_blocked, id=10156, stack(0x00000000187f0000,0x00000000188f0000)]
  0x0000000016a69800 JavaThread "C1 CompilerThread2" daemon [_thread_blocked, id=3492, stack(0x00000000182f0000,0x00000000183f0000)]
  0x0000000016a65800 JavaThread "C2 CompilerThread1" daemon [_thread_blocked, id=5252, stack(0x00000000181f0000,0x00000000182f0000)]
  0x0000000016a5e800 JavaThread "C2 CompilerThread0" daemon [_thread_blocked, id=3996, stack(0x00000000180f0000,0x00000000181f0000)]
  0x0000000016a5b000 JavaThread "Attach Listener" daemon [_thread_blocked, id=10108, stack(0x0000000017ff0000,0x00000000180f0000)]
  0x0000000016a5a000 JavaThread "Signal Dispatcher" daemon [_thread_blocked, id=7012, stack(0x0000000017ef0000,0x0000000017ff0000)]
  0x0000000016a49000 JavaThread "Finalizer" daemon [_thread_blocked, id=9280, stack(0x0000000017cc0000,0x0000000017dc0000)]
  0x00000000030e1000 JavaThread "Reference Handler" daemon [_thread_blocked, id=9100, stack(0x0000000017bc0000,0x0000000017cc0000)]
  0x000000000121d800 JavaThread "main" [_thread_blocked, id=2836, stack(0x0000000002ef0000,0x0000000002ff0000)]

Other Threads:
  0x0000000016a27000 VMThread [stack: 0x0000000017ac0000,0x0000000017bc0000] [id=4956]
  0x0000000018422000 WatcherThread [stack: 0x00000000188f0000,0x00000000189f0000] [id=2324]

=>0x000000000300a000 (exited) GCTaskThread [stack: 0x0000000012bc0000,0x0000000012cc0000] [id=188]

VM state:at safepoint (normal execution)

VM Mutex/Monitor currently owned by a thread:  ([mutex/lock_event])
[0x000000000121caf0] Threads_lock - owner thread: 0x0000000016a27000
[0x000000000121c4f0] Heap_lock - owner thread: 0x00000000196de000

Heap:
 PSYoungGen      total 71680K, used 5108K [0x00000000e0000000, 0x00000000e9800000, 0x0000000100000000)
  eden space 66560K, 0% used [0x00000000e0000000,0x00000000e0000000,0x00000000e4100000)
  from space 5120K, 99% used [0x00000000e4100000,0x00000000e45fd060,0x00000000e4600000)
  to   space 11264K, 0% used [0x00000000e8d00000,0x00000000e8d00000,0x00000000e9800000)
 ParOldGen       total 87552K, used 9543K [0x00000000a0000000, 0x00000000a5580000, 0x00000000e0000000)
  object space 87552K, 10% used [0x00000000a0000000,0x00000000a0951df8,0x00000000a5580000)
 Metaspace       used 20721K, capacity 21230K, committed 21296K, reserved 1067008K
  class space    used 2990K, capacity 3188K, committed 3200K, reserved 1048576K

Card table byte_map: [0x00000000124b0000,0x00000000127c0000] byte_map_base: 0x0000000011fb0000

Marking Bits: (ParMarkBitMap*) 0x0000000050fdd850
 Begin Bits: [0x0000000012dc0000, 0x00000000145c0000)
 End Bits:   [0x00000000145c0000, 0x0000000015dc0000)

Polling page: 0x00000000011d0000

CodeCache: size=245760Kb used=5989Kb max_used=6000Kb free=239770Kb
 bounds [0x00000000030f0000, 0x00000000036d0000, 0x00000000120f0000]
 total_blobs=2139 nmethods=1735 adapters=317
 compilation: enabled

Compilation events (10 events):
Event: 3.301 Thread 0x0000000016a69800 1732       1       org.codehaus.groovy.reflection.GroovyClassValuePreJava7::access$100 (5 bytes)
Event: 3.301 Thread 0x0000000016a5e800 nmethod 1730 0x00000000036cd450 code [0x00000000036cd5a0, 0x00000000036cd6a8]
Event: 3.301 Thread 0x0000000016a69800 nmethod 1732 0x00000000036cd190 code [0x00000000036cd2e0, 0x00000000036cd3d0]
Event: 3.301 Thread 0x0000000016a69800 1734       3       org.codehaus.groovy.util.ReferenceType$2::createReference (11 bytes)
Event: 3.301 Thread 0x0000000016a69800 nmethod 1734 0x00000000036cca10 code [0x00000000036ccba0, 0x00000000036ccf90]
Event: 3.301 Thread 0x0000000016a69800 1733       1       org.codehaus.groovy.util.ManagedConcurrentLinkedQueue::access$000 (5 bytes)
Event: 3.301 Thread 0x0000000016a69800 nmethod 1733 0x00000000036cc750 code [0x00000000036cc8a0, 0x00000000036cc990]
Event: 3.301 Thread 0x0000000016a69800 1735       1       org.codehaus.groovy.reflection.ClassInfo::access$200 (5 bytes)
Event: 3.301 Thread 0x0000000016a69800 nmethod 1735 0x00000000036cc490 code [0x00000000036cc5e0, 0x00000000036cc6d0]
Event: 3.301 Thread 0x0000000016a65800 nmethod 1729 0x00000000036caa10 code [0x00000000036cab60, 0x00000000036cada8]

GC Heap History (10 events):
Event: 0.845 GC heap after
Heap after GC invocations=1 (full 0):
 PSYoungGen      total 38400K, used 4133K [0x00000000e0000000, 0x00000000e2a80000, 0x0000000100000000)
  eden space 33280K, 0% used [0x00000000e0000000,0x00000000e0000000,0x00000000e2080000)
  from space 5120K, 80% used [0x00000000e2080000,0x00000000e2489710,0x00000000e2580000)
  to   space 5120K, 0% used [0x00000000e2580000,0x00000000e2580000,0x00000000e2a80000)
 ParOldGen       total 87552K, used 8K [0x00000000a0000000, 0x00000000a5580000, 0x00000000e0000000)
  object space 87552K, 0% used [0x00000000a0000000,0x00000000a0002000,0x00000000a5580000)
 Metaspace       used 6798K, capacity 7002K, committed 7168K, reserved 1056768K
  class space    used 853K, capacity 911K, committed 1024K, reserved 1048576K
}
Event: 1.248 GC heap before
{Heap before GC invocations=2 (full 0):
 PSYoungGen      total 38400K, used 37413K [0x00000000e0000000, 0x00000000e2a80000, 0x0000000100000000)
  eden space 33280K, 100% used [0x00000000e0000000,0x00000000e2080000,0x00000000e2080000)
  from space 5120K, 80% used [0x00000000e2080000,0x00000000e2489710,0x00000000e2580000)
  to   space 5120K, 0% used [0x00000000e2580000,0x00000000e2580000,0x00000000e2a80000)
 ParOldGen       total 87552K, used 8K [0x00000000a0000000, 0x00000000a5580000, 0x00000000e0000000)
  object space 87552K, 0% used [0x00000000a0000000,0x00000000a0002000,0x00000000a5580000)
 Metaspace       used 9247K, capacity 9576K, committed 9856K, reserved 1058816K
  class space    used 1275K, capacity 1360K, committed 1408K, reserved 1048576K
Event: 1.255 GC heap after
Heap after GC invocations=2 (full 0):
 PSYoungGen      total 38400K, used 4925K [0x00000000e0000000, 0x00000000e4b00000, 0x0000000100000000)
  eden space 33280K, 0% used [0x00000000e0000000,0x00000000e0000000,0x00000000e2080000)
  from space 5120K, 96% used [0x00000000e2580000,0x00000000e2a4f7d8,0x00000000e2a80000)
  to   space 5120K, 0% used [0x00000000e2080000,0x00000000e2080000,0x00000000e2580000)
 ParOldGen       total 87552K, used 16K [0x00000000a0000000, 0x00000000a5580000, 0x00000000e0000000)
  object space 87552K, 0% used [0x00000000a0000000,0x00000000a0004000,0x00000000a5580000)
 Metaspace       used 9247K, capacity 9576K, committed 9856K, reserved 1058816K
  class space    used 1275K, capacity 1360K, committed 1408K, reserved 1048576K
}
Event: 2.242 GC heap before
{Heap before GC invocations=3 (full 0):
 PSYoungGen      total 38400K, used 38205K [0x00000000e0000000, 0x00000000e4b00000, 0x0000000100000000)
  eden space 33280K, 100% used [0x00000000e0000000,0x00000000e2080000,0x00000000e2080000)
  from space 5120K, 96% used [0x00000000e2580000,0x00000000e2a4f7d8,0x00000000e2a80000)
  to   space 5120K, 0% used [0x00000000e2080000,0x00000000e2080000,0x00000000e2580000)
 ParOldGen       total 87552K, used 16K [0x00000000a0000000, 0x00000000a5580000, 0x00000000e0000000)
  object space 87552K, 0% used [0x00000000a0000000,0x00000000a0004000,0x00000000a5580000)
 Metaspace       used 13656K, capacity 14010K, committed 14208K, reserved 1060864K
  class space    used 1966K, capacity 2095K, committed 2176K, reserved 1048576K
Event: 2.250 GC heap after
Heap after GC invocations=3 (full 0):
 PSYoungGen      total 38400K, used 5104K [0x00000000e0000000, 0x00000000e4b00000, 0x0000000100000000)
  eden space 33280K, 0% used [0x00000000e0000000,0x00000000e0000000,0x00000000e2080000)
  from space 5120K, 99% used [0x00000000e2080000,0x00000000e257c010,0x00000000e2580000)
  to   space 5120K, 0% used [0x00000000e4600000,0x00000000e4600000,0x00000000e4b00000)
 ParOldGen       total 87552K, used 2049K [0x00000000a0000000, 0x00000000a5580000, 0x00000000e0000000)
  object space 87552K, 2% used [0x00000000a0000000,0x00000000a0200410,0x00000000a5580000)
 Metaspace       used 13656K, capacity 14010K, committed 14208K, reserved 1060864K
  class space    used 1966K, capacity 2095K, committed 2176K, reserved 1048576K
}
Event: 2.661 GC heap before
{Heap before GC invocations=4 (full 0):
 PSYoungGen      total 38400K, used 38384K [0x00000000e0000000, 0x00000000e4b00000, 0x0000000100000000)
  eden space 33280K, 100% used [0x00000000e0000000,0x00000000e2080000,0x00000000e2080000)
  from space 5120K, 99% used [0x00000000e2080000,0x00000000e257c010,0x00000000e2580000)
  to   space 5120K, 0% used [0x00000000e4600000,0x00000000e4600000,0x00000000e4b00000)
 ParOldGen       total 87552K, used 2049K [0x00000000a0000000, 0x00000000a5580000, 0x00000000e0000000)
  object space 87552K, 2% used [0x00000000a0000000,0x00000000a0200410,0x00000000a5580000)
 Metaspace       used 16572K, capacity 16970K, committed 17280K, reserved 1064960K
  class space    used 2450K, capacity 2617K, committed 2688K, reserved 1048576K
Event: 2.681 GC heap after
Heap after GC invocations=4 (full 0):
 PSYoungGen      total 71680K, used 5104K [0x00000000e0000000, 0x00000000e4b00000, 0x0000000100000000)
  eden space 66560K, 0% used [0x00000000e0000000,0x00000000e0000000,0x00000000e4100000)
  from space 5120K, 99% used [0x00000000e4600000,0x00000000e4afc010,0x00000000e4b00000)
  to   space 5120K, 0% used [0x00000000e4100000,0x00000000e4100000,0x00000000e4600000)
 ParOldGen       total 87552K, used 5106K [0x00000000a0000000, 0x00000000a5580000, 0x00000000e0000000)
  object space 87552K, 5% used [0x00000000a0000000,0x00000000a04fca30,0x00000000a5580000)
 Metaspace       used 16572K, capacity 16970K, committed 17280K, reserved 1064960K
  class space    used 2450K, capacity 2617K, committed 2688K, reserved 1048576K
}
Event: 3.305 GC heap before
{Heap before GC invocations=5 (full 0):
 PSYoungGen      total 71680K, used 39550K [0x00000000e0000000, 0x00000000e4b00000, 0x0000000100000000)
  eden space 66560K, 51% used [0x00000000e0000000,0x00000000e21a39b0,0x00000000e4100000)
  from space 5120K, 99% used [0x00000000e4600000,0x00000000e4afc010,0x00000000e4b00000)
  to   space 5120K, 0% used [0x00000000e4100000,0x00000000e4100000,0x00000000e4600000)
 ParOldGen       total 87552K, used 5106K [0x00000000a0000000, 0x00000000a5580000, 0x00000000e0000000)
  object space 87552K, 5% used [0x00000000a0000000,0x00000000a04fca30,0x00000000a5580000)
 Metaspace       used 20721K, capacity 21230K, committed 21296K, reserved 1067008K
  class space    used 2990K, capacity 3188K, committed 3200K, reserved 1048576K
Event: 3.318 GC heap after
Heap after GC invocations=5 (full 0):
 PSYoungGen      total 71680K, used 5108K [0x00000000e0000000, 0x00000000e9800000, 0x0000000100000000)
  eden space 66560K, 0% used [0x00000000e0000000,0x00000000e0000000,0x00000000e4100000)
  from space 5120K, 99% used [0x00000000e4100000,0x00000000e45fd060,0x00000000e4600000)
  to   space 11264K, 0% used [0x00000000e8d00000,0x00000000e8d00000,0x00000000e9800000)
 ParOldGen       total 87552K, used 9543K [0x00000000a0000000, 0x00000000a5580000, 0x00000000e0000000)
  object space 87552K, 10% used [0x00000000a0000000,0x00000000a0951df8,0x00000000a5580000)
 Metaspace       used 20721K, capacity 21230K, committed 21296K, reserved 1067008K
  class space    used 2990K, capacity 3188K, committed 3200K, reserved 1048576K
}
Event: 3.318 GC heap before
{Heap before GC invocations=6 (full 1):
 PSYoungGen      total 71680K, used 5108K [0x00000000e0000000, 0x00000000e9800000, 0x0000000100000000)
  eden space 66560K, 0% used [0x00000000e0000000,0x00000000e0000000,0x00000000e4100000)
  from space 5120K, 99% used [0x00000000e4100000,0x00000000e45fd060,0x00000000e4600000)
  to   space 11264K, 0% used [0x00000000e8d00000,0x00000000e8d00000,0x00000000e9800000)
 ParOldGen       total 87552K, used 9543K [0x00000000a0000000, 0x00000000a5580000, 0x00000000e0000000)
  object space 87552K, 10% used [0x00000000a0000000,0x00000000a0951df8,0x00000000a5580000)
 Metaspace       used 20721K, capacity 21230K, committed 21296K, reserved 1067008K
  class space    used 2990K, capacity 3188K, committed 3200K, reserved 1048576K

Deoptimization events (10 events):
Event: 2.908 Thread 0x00000000196de000 Uncommon trap: reason=bimorphic action=maybe_recompile pc=0x00000000035585fc method=java.lang.ClassLoader.loadClass(Ljava/lang/String;Z)Ljava/lang/Class; @ 38
Event: 2.908 Thread 0x00000000196de000 Uncommon trap: reason=bimorphic action=maybe_recompile pc=0x00000000035585fc method=java.lang.ClassLoader.loadClass(Ljava/lang/String;Z)Ljava/lang/Class; @ 38
Event: 2.909 Thread 0x00000000196de000 Uncommon trap: reason=bimorphic action=maybe_recompile pc=0x000000000361c164 method=java.lang.ClassLoader.getPackage(Ljava/lang/String;)Ljava/lang/Package; @ 47
Event: 2.910 Thread 0x00000000196de000 Uncommon trap: reason=unstable_if action=reinterpret pc=0x000000000361bdb4 method=java.net.URLClassLoader.getAndVerifyPackage(Ljava/lang/String;Ljava/util/jar/Manifest;Ljava/net/URL;)Ljava/lang/Package; @ 62
Event: 2.969 Thread 0x00000000196de000 Uncommon trap: reason=unstable_if action=reinterpret pc=0x0000000003669058 method=java.net.URLClassLoader.getAndVerifyPackage(Ljava/lang/String;Ljava/util/jar/Manifest;Ljava/net/URL;)Ljava/lang/Package; @ 62
Event: 3.067 Thread 0x00000000196de000 Uncommon trap: reason=unstable_if action=reinterpret pc=0x00000000033c5d5c method=java.lang.AbstractStringBuilder.append(Ljava/lang/String;)Ljava/lang/AbstractStringBuilder; @ 1
Event: 3.067 Thread 0x00000000196de000 Uncommon trap: reason=unstable_if action=reinterpret pc=0x0000000003320f80 method=java.lang.AbstractStringBuilder.append(Ljava/lang/String;)Ljava/lang/AbstractStringBuilder; @ 1
Event: 3.101 Thread 0x00000000196de000 Uncommon trap: reason=class_check action=maybe_recompile pc=0x00000000032c5934 method=sun.misc.URLClassPath.getLoader(I)Lsun/misc/URLClassPath$Loader; @ 94
Event: 3.101 Thread 0x00000000196de000 Uncommon trap: reason=class_check action=maybe_recompile pc=0x00000000034034ac method=sun.misc.URLClassPath.getResource(Ljava/lang/String;Z)Lsun/misc/Resource; @ 62
Event: 3.105 Thread 0x00000000196de000 Uncommon trap: reason=unstable_if action=reinterpret pc=0x0000000003660d70 method=java.lang.ClassLoader.getClassLoadingLock(Ljava/lang/String;)Ljava/lang/Object; @ 6

Internal exceptions (10 events):
Event: 2.968 Thread 0x00000000196de000 Exception <a 'java/lang/NoSuchMethodError': <clinit>> (0x00000000e0eea2a0) thrown at [C:\re\workspace\8-2-build-windows-amd64-cygwin\jdk8u151\9699\hotspot\src\share\vm\prims\jni.cpp, line 1613]
Event: 2.968 Thread 0x00000000196de000 Exception <a 'java/lang/NoSuchMethodError': <clinit>> (0x00000000e0ef64e8) thrown at [C:\re\workspace\8-2-build-windows-amd64-cygwin\jdk8u151\9699\hotspot\src\share\vm\prims\jni.cpp, line 1613]
Event: 2.977 Thread 0x00000000196de000 Exception <a 'java/lang/NoSuchMethodError': <clinit>> (0x00000000e0fb2c10) thrown at [C:\re\workspace\8-2-build-windows-amd64-cygwin\jdk8u151\9699\hotspot\src\share\vm\prims\jni.cpp, line 1613]
Event: 2.978 Thread 0x00000000196de000 Exception <a 'java/lang/NoSuchMethodError': <clinit>> (0x00000000e0fb6c48) thrown at [C:\re\workspace\8-2-build-windows-amd64-cygwin\jdk8u151\9699\hotspot\src\share\vm\prims\jni.cpp, line 1613]
Event: 2.978 Thread 0x00000000196de000 Exception <a 'java/lang/NoSuchMethodError': <clinit>> (0x00000000e0fb8468) thrown at [C:\re\workspace\8-2-build-windows-amd64-cygwin\jdk8u151\9699\hotspot\src\share\vm\prims\jni.cpp, line 1613]
Event: 2.978 Thread 0x00000000196de000 Exception <a 'java/lang/NoSuchMethodError': <clinit>> (0x00000000e0fb99e8) thrown at [C:\re\workspace\8-2-build-windows-amd64-cygwin\jdk8u151\9699\hotspot\src\share\vm\prims\jni.cpp, line 1613]
Event: 2.978 Thread 0x00000000196de000 Exception <a 'java/lang/NoSuchMethodError': <clinit>> (0x00000000e0fbb1b8) thrown at [C:\re\workspace\8-2-build-windows-amd64-cygwin\jdk8u151\9699\hotspot\src\share\vm\prims\jni.cpp, line 1613]
Event: 2.978 Thread 0x00000000196de000 Exception <a 'java/lang/NoSuchMethodError': <clinit>> (0x00000000e0fbc838) thrown at [C:\re\workspace\8-2-build-windows-amd64-cygwin\jdk8u151\9699\hotspot\src\share\vm\prims\jni.cpp, line 1613]
Event: 3.067 Thread 0x00000000196de000 Implicit null exception at 0x00000000033c59d6 to 0x00000000033c5d45
Event: 3.067 Thread 0x00000000196de000 Implicit null exception at 0x0000000003320bd4 to 0x0000000003320f69

Events (10 events):
Event: 3.303 loading class javax/swing/event/ListDataListener
Event: 3.303 loading class javax/swing/event/ListDataListener done
Event: 3.303 loading class java/awt/event/ActionListener
Event: 3.303 loading class java/awt/event/ActionListener done
Event: 3.303 loading class javax/accessibility/Accessible
Event: 3.304 loading class javax/accessibility/Accessible done
Event: 3.304 loading class javax/swing/JComponent
Event: 3.305 loading class javax/swing/TransferHandler$HasGetTransferHandler
Event: 3.305 loading class javax/swing/TransferHandler$HasGetTransferHandler done
Event: 3.305 Executing VM operation: CollectForMetadataAllocation


Dynamic libraries:
0x00007ff7b9b00000 - 0x00007ff7b9b37000 	C:\Program Files\Java\jdk1.8.0_151\bin\java.exe
0x00007ffb6e4e0000 - 0x00007ffb6e6d0000 	C:\WINDOWS\SYSTEM32\ntdll.dll
0x00007ffb6d930000 - 0x00007ffb6d9e2000 	C:\WINDOWS\System32\KERNEL32.DLL
0x00007ffb6ba70000 - 0x00007ffb6bd13000 	C:\WINDOWS\System32\KERNELBASE.dll
0x00007ffb6c8f0000 - 0x00007ffb6c993000 	C:\WINDOWS\System32\ADVAPI32.dll
0x00007ffb6c850000 - 0x00007ffb6c8ee000 	C:\WINDOWS\System32\msvcrt.dll
0x00007ffb6cd20000 - 0x00007ffb6cdb7000 	C:\WINDOWS\System32\sechost.dll
0x00007ffb6d810000 - 0x00007ffb6d930000 	C:\WINDOWS\System32\RPCRT4.dll
0x00007ffb6d610000 - 0x00007ffb6d7a4000 	C:\WINDOWS\System32\USER32.dll
0x00007ffb6b870000 - 0x00007ffb6b891000 	C:\WINDOWS\System32\win32u.dll
0x00007ffb6ca50000 - 0x00007ffb6ca76000 	C:\WINDOWS\System32\GDI32.dll
0x00007ffb6b4d0000 - 0x00007ffb6b664000 	C:\WINDOWS\System32\gdi32full.dll
0x00007ffb6c4f0000 - 0x00007ffb6c58e000 	C:\WINDOWS\System32\msvcp_win.dll
0x00007ffb6b770000 - 0x00007ffb6b86a000 	C:\WINDOWS\System32\ucrtbase.dll
0x00007ffb5d850000 - 0x00007ffb5dad5000 	C:\WINDOWS\WinSxS\amd64_microsoft.windows.common-controls_6595b64144ccf1df_6.0.18362.476_none_e6c4b11b130f2595\COMCTL32.dll
0x00007ffb6dec0000 - 0x00007ffb6e1f6000 	C:\WINDOWS\System32\combase.dll
0x00007ffb6b9f0000 - 0x00007ffb6ba70000 	C:\WINDOWS\System32\bcryptPrimitives.dll
0x00007ffb6c600000 - 0x00007ffb6c62e000 	C:\WINDOWS\System32\IMM32.DLL
0x0000000051060000 - 0x0000000051132000 	C:\Program Files\Java\jdk1.8.0_151\jre\bin\msvcr100.dll
0x00000000507c0000 - 0x000000005105d000 	C:\Program Files\Java\jdk1.8.0_151\jre\bin\server\jvm.dll
0x00007ffb6c5f0000 - 0x00007ffb6c5f8000 	C:\WINDOWS\System32\PSAPI.DLL
0x00007ffb5a730000 - 0x00007ffb5a739000 	C:\WINDOWS\SYSTEM32\WSOCK32.dll
0x00007ffb68ef0000 - 0x00007ffb68f14000 	C:\WINDOWS\SYSTEM32\WINMM.dll
0x00007ffb6c630000 - 0x00007ffb6c69f000 	C:\WINDOWS\System32\WS2_32.dll
0x00007ffb640f0000 - 0x00007ffb640fa000 	C:\WINDOWS\SYSTEM32\VERSION.dll
0x00007ffb68ec0000 - 0x00007ffb68eed000 	C:\WINDOWS\SYSTEM32\winmmbase.dll
0x00007ffb6b670000 - 0x00007ffb6b6ba000 	C:\WINDOWS\System32\cfgmgr32.dll
0x00000000507b0000 - 0x00000000507bf000 	C:\Program Files\Java\jdk1.8.0_151\jre\bin\verify.dll
0x0000000050780000 - 0x00000000507a9000 	C:\Program Files\Java\jdk1.8.0_151\jre\bin\java.dll
0x0000000050760000 - 0x0000000050776000 	C:\Program Files\Java\jdk1.8.0_151\jre\bin\zip.dll
0x00007ffb6cdc0000 - 0x00007ffb6d4a5000 	C:\WINDOWS\System32\SHELL32.dll
0x00007ffb6c9a0000 - 0x00007ffb6ca49000 	C:\WINDOWS\System32\shcore.dll
0x00007ffb6bd50000 - 0x00007ffb6c4ce000 	C:\WINDOWS\System32\windows.storage.dll
0x00007ffb6b450000 - 0x00007ffb6b46f000 	C:\WINDOWS\System32\profapi.dll
0x00007ffb6b3e0000 - 0x00007ffb6b42a000 	C:\WINDOWS\System32\powrprof.dll
0x00007ffb6b3b0000 - 0x00007ffb6b3c0000 	C:\WINDOWS\System32\UMPDC.dll
0x00007ffb6c590000 - 0x00007ffb6c5e2000 	C:\WINDOWS\System32\shlwapi.dll
0x00007ffb6b430000 - 0x00007ffb6b441000 	C:\WINDOWS\System32\kernel.appcore.dll
0x00007ffb6c4d0000 - 0x00007ffb6c4e7000 	C:\WINDOWS\System32\cryptsp.dll
0x0000000050740000 - 0x000000005075a000 	C:\Program Files\Java\jdk1.8.0_151\jre\bin\net.dll
0x00007ffb6ac20000 - 0x00007ffb6ac87000 	C:\WINDOWS\system32\mswsock.dll
0x0000000050720000 - 0x0000000050731000 	C:\Program Files\Java\jdk1.8.0_151\jre\bin\nio.dll
0x00007ffb687d0000 - 0x00007ffb687ee000 	C:\Users\Ordinateur\.gradle\native\25\windows-amd64\native-platform.dll
0x0000000050710000 - 0x000000005071d000 	C:\Program Files\Java\jdk1.8.0_151\jre\bin\management.dll
0x00007ffb6a790000 - 0x00007ffb6a7c3000 	C:\WINDOWS\system32\rsaenh.dll
0x00007ffb6bd20000 - 0x00007ffb6bd46000 	C:\WINDOWS\System32\bcrypt.dll
0x00007ffb6b2a0000 - 0x00007ffb6b2c5000 	C:\WINDOWS\SYSTEM32\USERENV.dll
0x00007ffb6adf0000 - 0x00007ffb6adfc000 	C:\WINDOWS\SYSTEM32\CRYPTBASE.dll
0x00007ffb6a930000 - 0x00007ffb6a96a000 	C:\WINDOWS\SYSTEM32\IPHLPAPI.DLL
0x00007ffb6cb50000 - 0x00007ffb6cb58000 	C:\WINDOWS\System32\NSI.dll
0x00007ffb65940000 - 0x00007ffb65956000 	C:\WINDOWS\SYSTEM32\dhcpcsvc6.DLL
0x00007ffb65b20000 - 0x00007ffb65b3c000 	C:\WINDOWS\SYSTEM32\dhcpcsvc.DLL
0x00007ffb6a970000 - 0x00007ffb6aa3a000 	C:\WINDOWS\SYSTEM32\DNSAPI.dll
0x00007ffb69c40000 - 0x00007ffb69e34000 	C:\WINDOWS\SYSTEM32\dbghelp.dll

VM Arguments:
jvm_args: -Xmx1536m -Dfile.encoding=windows-1252 -Duser.country=FR -Duser.language=fr -Duser.variant 
java_command: org.gradle.launcher.daemon.bootstrap.GradleDaemon 4.10.1
java_class_path (initial): C:\Users\Ordinateur\.gradle\wrapper\dists\gradle-4.10.1-all\455itskqi2qtf0v2sja68alqd\gradle-4.10.1\lib\gradle-launcher-4.10.1.jar
Launcher Type: SUN_STANDARD

Environment Variables:
PATH=c:\oraclexe\app\oracle\product\11.2.0\server\bin;c:\programdata\oracle\java\javapath;c:\windows\system32;c:\windows;c:\windows\system32\wbem;c:\windows\system32\windowspowershell\v1.0\;c:\program files\git\cmd;c:\program files (x86)\brackets\command;d:\program files (x86)\java\bin;C:\WINDOWS\system32;C:\WINDOWS;C:\WINDOWS\system32\wbem;C:\WINDOWS\system32\windowspowershell\v1.0\;C:\WINDOWS\system32\openssh\;C:\Program Files\Microsoft VS Code\bin;C:\WINDOWS\System32\Wbem;C:\WINDOWS\System32\WindowsPowerShell\v1.0\;C:\WINDOWS\System32\OpenSSH\;D:\Program Files (x86)\MATLAB\R2018a\bin;D:\Program Files (x86)\Java\bin;C:\Users\Ordinateur\AppData\Local\Microsoft\WindowsApps;C:\Users\Ordinateur\AppData\Local\Programs\Microsoft VS Code\bin;C:\Program Files\JetBrains\IntelliJ IDEA 2019.1.1\bin;C:\adb;C:\WINDOWS\system32;C:\WINDOWS;C:\WINDOWS\System32\Wbem;C:\WINDOWS\System32\WindowsPowerShell\v1.0\;C:\WINDOWS\System32\OpenSSH\;C:\Program Files\nodejs\;D:\Program Files (x86)\Java\bin;C:\Program Files\Microsoft VS Code\bin;C:\Users\Ordinateur\AppData\Local\Microsoft\WindowsApps;C:\Users\Ordinateur\AppData\Local\Programs\Microsoft VS Code\bin;C:\Program Files\JetBrains\IntelliJ IDEA 2019.1.1\bin;;C:\Users\Ordinateur\AppData\Roaming\npm;C:\Program Files\Java\jdk1.8.0_151;
USERNAME=Ordinateur
OS=Windows_NT
PROCESSOR_IDENTIFIER=AMD64 Family 21 Model 2 Stepping 0, AuthenticAMD



---------------  S Y S T E M  ---------------

OS: Windows 10.0 , 64 bit Build 18362 (10.0.18362.329)

CPU:total 4 (initial active 4) (4 cores per cpu, 1 threads per core) family 21 model 2 stepping 0, cmov, cx8, fxsr, mmx, sse, sse2, sse3, ssse3, sse4.1, sse4.2, popcnt, avx, aes, clmul, mmxext, 3dnowpref, lzcnt, sse4a, tsc, tscinvbit, tscinv, bmi1

Memory: 4k page, physical 8344304k(4277112k free), swap 11621104k(3834376k free)

vm_info: Java HotSpot(TM) 64-Bit Server VM (25.151-b12) for windows-amd64 JRE (1.8.0_151-b12), built on Sep  5 2017 19:33:46 by "java_re" with MS VC++ 10.0 (VS2010)

time: Tue Nov 19 18:39:44 2019
elapsed time: 3 seconds (0d 0h 0m 3s)

